2024-10-22 23:18:12,517 - INFO - Skrapar: https://draj.se
2024-10-22 23:18:13,609 - INFO - Skrapar: https://draj.se#sidewidgetarea
2024-10-22 23:18:14,650 - INFO - Skrapar: https://draj.se#ajax-content-wrap
2024-10-22 23:18:50,914 - INFO - Skrapar: https://hugo-btg.pages.dev/
2024-10-22 23:18:51,969 - INFO - Skrapar: https://hugo-btg.pages.dev/about/
2024-10-22 23:18:52,005 - INFO - Skrapar: https://hugo-btg.pages.dev/#main-content
2024-10-22 23:18:52,014 - INFO - Skrapar: https://hugo-btg.pages.dev/#the-top
2024-10-22 23:18:52,014 - INFO - Skrapar: https://hugo-btg.pages.dev/posts/
2024-10-22 23:18:53,064 - INFO - Skrapar: https://hugo-btg.pages.dev/posts/my-first-post/
2024-10-22 23:18:54,112 - INFO - Skrapar: https://hugo-btg.pages.dev/#intro
2024-10-22 23:20:31,555 - INFO - Skrapar: https://hugo-btg.pages.dev/
2024-10-22 23:20:32,607 - INFO - Skrapar: https://hugo-btg.pages.dev/about/
2024-10-22 23:20:32,650 - INFO - Skrapar: https://hugo-btg.pages.dev/posts/
2024-10-22 23:20:32,659 - INFO - Skrapar: https://hugo-btg.pages.dev/#the-top
2024-10-22 23:20:32,659 - INFO - Skrapar: https://hugo-btg.pages.dev/#main-content
2024-10-22 23:20:33,708 - INFO - Skrapar: https://hugo-btg.pages.dev/posts/my-first-post/
2024-10-22 23:20:34,753 - INFO - Skrapar: https://hugo-btg.pages.dev/#intro
2024-10-22 23:20:35,957 - INFO - Skrapar: https://hugo-btg.pages.dev/
2024-10-22 23:20:37,008 - INFO - Skrapar: https://hugo-btg.pages.dev/about/
2024-10-22 23:20:37,063 - INFO - Skrapar: https://hugo-btg.pages.dev/posts/
2024-10-22 23:20:37,064 - INFO - Skrapar: https://hugo-btg.pages.dev/#the-top
2024-10-22 23:20:37,068 - INFO - Skrapar: https://hugo-btg.pages.dev/#main-content
2024-10-22 23:20:38,113 - INFO - Skrapar: https://hugo-btg.pages.dev/posts/my-first-post/
2024-10-22 23:20:39,164 - INFO - Skrapar: https://hugo-btg.pages.dev/#intro
2024-10-22 23:22:31,801 - INFO - Skrapar: https://hugo-btg.pages.dev/
2024-10-22 23:22:32,858 - INFO - Skrapar: https://hugo-btg.pages.dev/#main-content
2024-10-22 23:22:32,898 - INFO - Skrapar: https://hugo-btg.pages.dev/#the-top
2024-10-22 23:22:32,923 - INFO - Skrapar: https://hugo-btg.pages.dev/about/
2024-10-22 23:22:32,931 - INFO - Skrapar: https://hugo-btg.pages.dev/posts/
2024-10-22 23:22:33,993 - INFO - Skrapar: https://hugo-btg.pages.dev/posts/my-first-post/
2024-10-22 23:22:35,039 - INFO - Skrapar: https://hugo-btg.pages.dev/#intro
2024-10-22 23:48:00,439 - INFO - Skrapar: https://hugo-btg.pages.dev/
2024-10-22 23:48:01,489 - INFO - Skrapar: https://hugo-btg.pages.dev/#main-content
2024-10-22 23:48:01,531 - INFO - Skrapar: https://hugo-btg.pages.dev/posts/
2024-10-22 23:48:01,535 - INFO - Skrapar: https://hugo-btg.pages.dev/#the-top
2024-10-22 23:48:01,540 - INFO - Skrapar: https://hugo-btg.pages.dev/about/
2024-10-22 23:48:02,590 - INFO - Skrapar: https://hugo-btg.pages.dev/posts/my-first-post/
2024-10-22 23:48:03,640 - INFO - Skrapar: https://hugo-btg.pages.dev/#intro
2024-10-22 23:48:41,232 - INFO - Skrapar: https://draj.se
2024-10-22 23:48:42,330 - INFO - Skrapar: https://draj.se#sidewidgetarea
2024-10-22 23:48:42,625 - INFO - Skrapar: https://draj.se#ajax-content-wrap
2024-10-22 23:53:01,776 - INFO - Skrapar: https://draj.se
2024-10-22 23:53:02,867 - INFO - Skrapar: https://draj.se#ajax-content-wrap
2024-10-22 23:53:03,933 - INFO - Skrapar: https://draj.se#sidewidgetarea
2024-10-22 23:54:27,729 - INFO - Skrapar: https://hugo-btg.pages.dev/
2024-10-22 23:54:28,775 - INFO - Skrapar: https://hugo-btg.pages.dev/posts/
2024-10-22 23:54:28,821 - INFO - Skrapar: https://hugo-btg.pages.dev/#main-content
2024-10-22 23:54:28,834 - INFO - Skrapar: https://hugo-btg.pages.dev/about/
2024-10-22 23:54:28,835 - INFO - Skrapar: https://hugo-btg.pages.dev/#the-top
2024-10-22 23:54:29,918 - INFO - Skrapar: https://hugo-btg.pages.dev/posts/my-first-post/
2024-10-22 23:54:30,970 - INFO - Skrapar: https://hugo-btg.pages.dev/#intro
2024-10-22 23:56:40,309 - INFO - Skrapar: https://hugo-btg.pages.dev/
2024-10-22 23:56:40,856 - INFO - Skrapar: https://hugo-btg.pages.dev/about/
2024-10-22 23:56:41,358 - INFO - Skrapar: https://hugo-btg.pages.dev/#main-content
2024-10-22 23:56:41,859 - INFO - Skrapar: https://hugo-btg.pages.dev/#the-top
2024-10-22 23:56:42,360 - INFO - Skrapar: https://hugo-btg.pages.dev/posts/
2024-10-22 23:56:42,921 - INFO - Skrapar: https://hugo-btg.pages.dev/posts/my-first-post/
2024-10-22 23:56:43,475 - INFO - Skrapar: https://hugo-btg.pages.dev/#intro
2024-10-22 23:59:47,367 - INFO - Skrapar: https://hugo-btg.pages.dev/
2024-10-22 23:59:47,914 - INFO - Skrapar: https://hugo-btg.pages.dev/#main-content
2024-10-22 23:59:48,416 - INFO - Skrapar: https://hugo-btg.pages.dev/posts/
2024-10-22 23:59:48,917 - INFO - Skrapar: https://hugo-btg.pages.dev/#the-top
2024-10-22 23:59:49,418 - INFO - Skrapar: https://hugo-btg.pages.dev/about/
2024-10-22 23:59:49,966 - INFO - Skrapar: https://hugo-btg.pages.dev/posts/my-first-post/
2024-10-22 23:59:50,509 - INFO - Skrapar: https://hugo-btg.pages.dev/#intro
2024-10-23 10:54:57,621 - INFO - Skrapar: https://hugo-btg.pages.dev/
2024-10-23 10:54:58,176 - INFO - Skrapar: https://hugo-btg.pages.dev/about/
2024-10-23 10:54:58,678 - INFO - Skrapar: https://hugo-btg.pages.dev/#the-top
2024-10-23 10:54:59,180 - INFO - Skrapar: https://hugo-btg.pages.dev/#main-content
2024-10-23 10:54:59,681 - INFO - Skrapar: https://hugo-btg.pages.dev/posts/
2024-10-23 10:55:00,241 - INFO - Skrapar: https://hugo-btg.pages.dev/posts/my-first-post/
2024-10-23 10:55:00,795 - INFO - Skrapar: https://hugo-btg.pages.dev/#intro
2024-10-23 11:04:55,241 - INFO - Skrapar: https://hugo-btg.pages.dev/
2024-10-23 11:04:55,801 - INFO - Skrapar: https://hugo-btg.pages.dev/about/
2024-10-23 11:04:56,302 - INFO - Skrapar: https://hugo-btg.pages.dev/#the-top
2024-10-23 11:04:56,803 - INFO - Skrapar: https://hugo-btg.pages.dev/posts/
2024-10-23 11:04:57,304 - INFO - Skrapar: https://hugo-btg.pages.dev/#main-content
2024-10-23 11:04:57,854 - INFO - Skrapar: https://hugo-btg.pages.dev/posts/my-first-post/
2024-10-23 11:04:58,409 - INFO - Skrapar: https://hugo-btg.pages.dev/#intro
2024-10-23 11:08:22,134 - INFO - Skrapar: https://hugo-btg.pages.dev/
2024-10-23 11:08:22,688 - INFO - Skrapar: https://hugo-btg.pages.dev/#main-content
2024-10-23 11:08:23,190 - INFO - Skrapar: https://hugo-btg.pages.dev/#the-top
2024-10-23 11:08:23,691 - INFO - Skrapar: https://hugo-btg.pages.dev/posts/
2024-10-23 11:08:24,192 - INFO - Skrapar: https://hugo-btg.pages.dev/about/
2024-10-23 11:08:24,789 - INFO - Skrapar: https://hugo-btg.pages.dev/posts/my-first-post/
2024-10-23 11:08:25,374 - INFO - Skrapar: https://hugo-btg.pages.dev/#intro
2024-10-23 11:12:35,427 - INFO - Skrapar: https://hugo-btg.pages.dev/
2024-10-23 11:12:35,976 - INFO - Skrapar: https://hugo-btg.pages.dev/posts/
2024-10-23 11:12:36,478 - INFO - Skrapar: https://hugo-btg.pages.dev/about/
2024-10-23 11:12:36,979 - INFO - Skrapar: https://hugo-btg.pages.dev/#main-content
2024-10-23 11:12:37,480 - INFO - Skrapar: https://hugo-btg.pages.dev/#the-top
2024-10-23 11:12:38,032 - INFO - Skrapar: https://hugo-btg.pages.dev/posts/my-first-post/
2024-10-23 11:12:38,596 - INFO - Skrapar: https://hugo-btg.pages.dev/#intro
2024-10-23 11:27:49,146 - INFO - Skrapar: https://hugo-btg.pages.dev/
2024-10-23 11:27:49,702 - INFO - Skrapar: https://hugo-btg.pages.dev/#main-content
2024-10-23 11:27:50,204 - INFO - Skrapar: https://hugo-btg.pages.dev/posts/
2024-10-23 11:27:50,705 - INFO - Skrapar: https://hugo-btg.pages.dev/about/
2024-10-23 11:27:51,206 - INFO - Skrapar: https://hugo-btg.pages.dev/#the-top
2024-10-23 11:27:51,780 - INFO - Skrapar: https://hugo-btg.pages.dev/posts/my-first-post/
2024-10-23 11:27:52,347 - INFO - Skrapar: https://hugo-btg.pages.dev/#intro
2024-10-23 11:28:55,969 - INFO - Skrapar: https://hugo-btg.pages.dev/
2024-10-23 11:28:56,528 - INFO - Skrapar: https://hugo-btg.pages.dev/posts/
2024-10-23 11:28:57,029 - INFO - Skrapar: https://hugo-btg.pages.dev/#the-top
2024-10-23 11:28:57,530 - INFO - Skrapar: https://hugo-btg.pages.dev/#main-content
2024-10-23 11:28:58,031 - INFO - Skrapar: https://hugo-btg.pages.dev/about/
2024-10-23 11:28:58,602 - INFO - Skrapar: https://hugo-btg.pages.dev/posts/my-first-post/
2024-10-23 11:28:59,150 - INFO - Skrapar: https://hugo-btg.pages.dev/#intro
2024-10-23 11:51:53,243 - INFO - Skrapar: https://hugo-btg.pages.dev/
2024-10-23 11:51:53,799 - INFO - Skrapar: https://hugo-btg.pages.dev/#the-top
2024-10-23 11:51:54,300 - INFO - Skrapar: https://hugo-btg.pages.dev/about/
2024-10-23 11:51:54,801 - INFO - Skrapar: https://hugo-btg.pages.dev/#main-content
2024-10-23 11:51:55,303 - INFO - Skrapar: https://hugo-btg.pages.dev/posts/
2024-10-23 11:51:55,864 - INFO - Skrapar: https://hugo-btg.pages.dev/posts/my-first-post/
2024-10-23 11:51:56,414 - INFO - Skrapar: https://hugo-btg.pages.dev/#intro
2024-10-23 11:59:20,338 - INFO - Skrapar: https://hugo-btg.pages.dev/
2024-10-23 11:59:20,889 - INFO - Skrapar: https://hugo-btg.pages.dev/#main-content
2024-10-23 11:59:21,390 - INFO - Skrapar: https://hugo-btg.pages.dev/about/
2024-10-23 11:59:21,891 - INFO - Skrapar: https://hugo-btg.pages.dev/#the-top
2024-10-23 11:59:22,392 - INFO - Skrapar: https://hugo-btg.pages.dev/posts/
2024-10-23 11:59:22,944 - INFO - Skrapar: https://hugo-btg.pages.dev/posts/my-first-post/
2024-10-23 11:59:23,493 - INFO - Skrapar: https://hugo-btg.pages.dev/#intro
2024-10-23 12:01:59,662 - INFO - Skrapar: https://hugo-btg.pages.dev/
2024-10-23 12:02:00,211 - INFO - Skrapar: https://hugo-btg.pages.dev/posts/
2024-10-23 12:02:00,713 - INFO - Skrapar: https://hugo-btg.pages.dev/about/
2024-10-23 12:02:01,214 - INFO - Skrapar: https://hugo-btg.pages.dev/#the-top
2024-10-23 12:02:01,715 - INFO - Skrapar: https://hugo-btg.pages.dev/#main-content
2024-10-23 12:02:02,275 - INFO - Skrapar: https://hugo-btg.pages.dev/posts/my-first-post/
2024-10-23 12:02:02,829 - INFO - Skrapar: https://hugo-btg.pages.dev/#intro
2024-10-23 12:24:17,381 - INFO - Skrapar: https://hugo-btg.pages.dev/
2024-10-23 12:24:17,946 - INFO - Skrapar: https://hugo-btg.pages.dev/about/
2024-10-23 12:24:18,448 - INFO - Skrapar: https://hugo-btg.pages.dev/#the-top
2024-10-23 12:24:18,949 - INFO - Skrapar: https://hugo-btg.pages.dev/#main-content
2024-10-23 12:24:19,450 - INFO - Skrapar: https://hugo-btg.pages.dev/posts/
2024-10-23 12:24:20,006 - INFO - Skrapar: https://hugo-btg.pages.dev/posts/my-first-post/
2024-10-23 12:24:20,557 - INFO - Skrapar: https://hugo-btg.pages.dev/#intro
